2021-12-11T03:32:13.249Z - normal: Load ~/.CocosCreator/settings.json
2021-12-11T03:32:13.285Z - normal: Initializing Asset Database
2021-12-11T03:32:13.286Z - normal: checking language setting...
2021-12-11T03:32:13.286Z - normal: Language: en
2021-12-11T03:32:13.708Z - success: preview server running at http://localhost:7456
2021-12-11T03:32:13.720Z - success: protocol editor-framework registered
2021-12-11T03:32:13.720Z - success: protocol app registered
2021-12-11T03:32:13.720Z - success: protocol theme registered
2021-12-11T03:32:13.720Z - success: protocol packages registered
2021-12-11T03:32:13.720Z - success: protocol uuid registerred
2021-12-11T03:32:13.721Z - success: protocol db registerred
2021-12-11T03:32:13.721Z - success: protocol thumbnail registerred
2021-12-11T03:32:13.721Z - success: protocol unpack registerred
2021-12-11T03:32:13.721Z - success: protocol disable-commonjs registerred
2021-12-11T03:32:15.079Z - normal: connected!
2021-12-11T03:32:15.081Z - normal: Check project /Users/fe-baoquoc-fresher/Desktop/Quoc_Cocos_HomeWork/Day5/Pokemon
2021-12-11T03:32:15.083Z - normal: Initializing project /Users/fe-baoquoc-fresher/Desktop/Quoc_Cocos_HomeWork/Day5/Pokemon
2021-12-11T03:32:15.317Z - normal: Initializing Cocos2d
2021-12-11T03:32:15.704Z - normal: Initializing engine extends
2021-12-11T03:32:15.723Z - success: alipay-adapter loaded
2021-12-11T03:32:15.730Z - success: asset-db-debugger loaded
2021-12-11T03:32:15.733Z - success: baidu-adapter loaded
2021-12-11T03:32:15.735Z - success: color-picker loaded
2021-12-11T03:32:15.826Z - success: fb-audience-network loaded
2021-12-11T03:32:15.858Z - success: fb-live-stream loaded
2021-12-11T03:32:15.860Z - success: google-play-instant loaded
2021-12-11T03:32:15.863Z - success: huawei-runtime loaded
2021-12-11T03:32:15.995Z - success: cpk-publish loaded
2021-12-11T03:32:15.996Z - success: jsb-adapter loaded
2021-12-11T03:32:15.999Z - success: oppo-runtime loaded
2021-12-11T03:32:16.002Z - success: package-manager loaded
2021-12-11T03:32:16.068Z - success: qqplay-adapter loaded
2021-12-11T03:32:16.069Z - success: runtime-dev-tools loaded
2021-12-11T03:32:16.089Z - success: sdkbox loaded
2021-12-11T03:32:16.092Z - success: tester loaded
2021-12-11T03:32:16.093Z - success: ui-kit-preview-extra loaded
2021-12-11T03:32:16.095Z - success: ui-kit-preview loaded
2021-12-11T03:32:16.097Z - success: ui-kit loaded
2021-12-11T03:32:16.101Z - success: vivo-runtime loaded
2021-12-11T03:32:16.101Z - success: weapp-adapter loaded
2021-12-11T03:32:16.102Z - success: xiaomi-adapter loaded
2021-12-11T03:32:16.103Z - success: alipay-minigame loaded
2021-12-11T03:32:16.131Z - success: assets loaded
2021-12-11T03:32:16.133Z - success: builder loaded
2021-12-11T03:32:16.287Z - success: cocos-services loaded
2021-12-11T03:32:16.292Z - success: console loaded
2021-12-11T03:32:16.314Z - success: fb-instant-games loaded
2021-12-11T03:32:16.316Z - success: game-window loaded
2021-12-11T03:32:16.317Z - success: google-instant-games loaded
2021-12-11T03:32:16.320Z - success: hierarchy loaded
2021-12-11T03:32:16.323Z - success: inspector loaded
2021-12-11T03:32:16.324Z - success: keystore loaded
2021-12-11T03:32:16.327Z - success: node-library loaded
2021-12-11T03:32:16.328Z - success: package-asset loaded
2021-12-11T03:32:16.329Z - success: preferences loaded
2021-12-11T03:32:16.330Z - success: project-exporter loaded
2021-12-11T03:32:16.334Z - success: project-importer loaded
2021-12-11T03:32:16.336Z - success: project-settings loaded
2021-12-11T03:32:16.339Z - success: scene loaded
2021-12-11T03:32:16.340Z - success: simulator-debugger loaded
2021-12-11T03:32:16.341Z - success: sprite-editor loaded
2021-12-11T03:32:16.344Z - success: store loaded
2021-12-11T03:32:16.348Z - success: timeline loaded
2021-12-11T03:32:16.351Z - success: xiaomi-runtime loaded
2021-12-11T03:32:19.815Z - normal: Loading packages
2021-12-11T03:32:19.818Z - normal: Watching packages
2021-12-11T03:32:19.890Z - normal: Run Application
2021-12-11T03:32:26.559Z - info: Cocos Services load base data!
2021-12-11T03:35:58.409Z - info: shutdown preview server
