2021-12-19T13:43:24.255Z - normal: Load ~/.CocosCreator/settings.json
2021-12-19T13:43:25.473Z - normal: Initializing Asset Database
2021-12-19T13:43:25.473Z - normal: checking language setting...
2021-12-19T13:43:25.473Z - normal: Language: en
2021-12-19T13:43:26.427Z - success: preview server running at http://localhost:7456
2021-12-19T13:43:26.442Z - success: protocol editor-framework registered
2021-12-19T13:43:26.442Z - success: protocol app registered
2021-12-19T13:43:26.442Z - success: protocol theme registered
2021-12-19T13:43:26.442Z - success: protocol packages registered
2021-12-19T13:43:26.442Z - success: protocol uuid registerred
2021-12-19T13:43:26.442Z - success: protocol db registerred
2021-12-19T13:43:26.442Z - success: protocol thumbnail registerred
2021-12-19T13:43:26.442Z - success: protocol unpack registerred
2021-12-19T13:43:26.442Z - success: protocol disable-commonjs registerred
2021-12-19T13:43:27.739Z - normal: connected!
2021-12-19T13:43:27.739Z - normal: Check project C:\Users\ken29\OneDrive\Desktop\Quoc_Cocos_HomeWork\Game_2048
2021-12-19T13:43:27.739Z - normal: Initializing project C:\Users\ken29\OneDrive\Desktop\Quoc_Cocos_HomeWork\Game_2048
2021-12-19T13:43:28.286Z - normal: Initializing Cocos2d
2021-12-19T13:43:29.374Z - normal: Initializing engine extends
2021-12-19T13:43:29.421Z - success: alipay-adapter loaded
2021-12-19T13:43:29.421Z - success: asset-db-debugger loaded
2021-12-19T13:43:29.421Z - success: baidu-adapter loaded
2021-12-19T13:43:29.421Z - success: color-picker loaded
2021-12-19T13:43:29.608Z - success: fb-audience-network loaded
2021-12-19T13:43:29.718Z - success: fb-live-stream loaded
2021-12-19T13:43:29.733Z - success: google-play-instant loaded
2021-12-19T13:43:29.749Z - success: huawei-runtime loaded
2021-12-19T13:43:30.171Z - success: cpk-publish loaded
2021-12-19T13:43:30.171Z - success: jsb-adapter loaded
2021-12-19T13:43:30.186Z - success: oppo-runtime loaded
2021-12-19T13:43:30.186Z - success: package-manager loaded
2021-12-19T13:43:30.343Z - success: qqplay-adapter loaded
2021-12-19T13:43:30.358Z - success: runtime-dev-tools loaded
2021-12-19T13:43:30.358Z - success: sdkbox loaded
2021-12-19T13:43:30.358Z - success: tester loaded
2021-12-19T13:43:30.358Z - success: ui-kit-preview-extra loaded
2021-12-19T13:43:30.358Z - success: ui-kit-preview loaded
2021-12-19T13:43:30.358Z - success: ui-kit loaded
2021-12-19T13:43:30.374Z - success: vivo-runtime loaded
2021-12-19T13:43:30.374Z - success: weapp-adapter loaded
2021-12-19T13:43:30.374Z - success: xiaomi-adapter loaded
2021-12-19T13:43:30.374Z - success: alipay-minigame loaded
2021-12-19T13:43:30.436Z - success: assets loaded
2021-12-19T13:43:30.436Z - success: builder loaded
2021-12-19T13:43:30.780Z - success: cocos-services loaded
2021-12-19T13:43:30.780Z - success: console loaded
2021-12-19T13:43:30.827Z - success: fb-instant-games loaded
2021-12-19T13:43:30.827Z - success: game-window loaded
2021-12-19T13:43:30.827Z - success: google-instant-games loaded
2021-12-19T13:43:30.827Z - success: hierarchy loaded
2021-12-19T13:43:30.827Z - success: inspector loaded
2021-12-19T13:43:30.843Z - success: keystore loaded
2021-12-19T13:43:30.843Z - success: node-library loaded
2021-12-19T13:43:30.858Z - success: package-asset loaded
2021-12-19T13:43:30.858Z - success: preferences loaded
2021-12-19T13:43:30.858Z - success: project-exporter loaded
2021-12-19T13:43:30.858Z - success: project-importer loaded
2021-12-19T13:43:30.858Z - success: project-settings loaded
2021-12-19T13:43:30.858Z - success: scene loaded
2021-12-19T13:43:30.858Z - success: simulator-debugger loaded
2021-12-19T13:43:30.874Z - success: sprite-editor loaded
2021-12-19T13:43:30.874Z - success: store loaded
2021-12-19T13:43:30.874Z - success: timeline loaded
2021-12-19T13:43:30.890Z - success: xiaomi-runtime loaded
2021-12-19T13:43:35.675Z - normal: Loading packages
2021-12-19T13:43:35.675Z - normal: Watching packages
2021-12-19T13:43:37.814Z - normal: Run Application
2021-12-19T13:43:38.919Z - info: Cocos Services load base data!
